-------------------------------------------------------------------------------
Test set: com.markerhub.VueblogApplicationTests
-------------------------------------------------------------------------------
Tests run: 1, Failures: 0, Errors: 1, Skipped: 0, Time elapsed: 0.829 s <<< FAILURE! - in com.markerhub.VueblogApplicationTests
com.markerhub.VueblogApplicationTests  Time elapsed: 0.665 s  <<< ERROR!
java.lang.IllegalStateException: Unable to find a @SpringBootConfiguration, you need to use @ContextConfiguration or @SpringBootTest(classes=...) with your test

