<?xml version="1.0" encoding="UTF-8"?>
<testsuite xmlns:xsi="http://www.w3.org/2001/XMLSchema-instance" xsi:noNamespaceSchemaLocation="https://maven.apache.org/surefire/maven-surefire-plugin/xsd/surefire-test-report.xsd" name="com.markerhub.VueblogApplicationTests" time="0.829" tests="1" errors="1" skipped="0" failures="0">
  <properties>
[...]
</properties>
  <testcase name="com.markerhub.VueblogApplicationTests" classname="com.markerhub.VueblogApplicationTests" time="0.665">
    <error message="Unable to find a @SpringBootConfiguration, you need to use @ContextConfiguration or @SpringBootTest(classes=...) with your test" type="java.lang.IllegalStateException">java.lang.IllegalStateException: Unable to find a @SpringBootConfiguration, you need to use @ContextConfiguration or @SpringBootTest(classes=...) with your test
</error>
    <system-out><![CDATA[13:20:50.950 [main] DEBUG org.springframework.test.context.BootstrapUtils - Instantiating CacheAwareContextLoaderDelegate from class [org.springframework.test.context.cache.DefaultCacheAwareContextLoaderDelegate]
13:20:50.975 [main] DEBUG org.springframework.test.context.BootstrapUtils - Instantiating BootstrapContext using constructor [public org.springframework.test.context.support.DefaultBootstrapContext(java.lang.Class,org.springframework.test.context.CacheAwareContextLoaderDelegate)]
13:20:51.024 [main] DEBUG org.springframework.test.context.BootstrapUtils - Instantiating TestContextBootstrapper for test class [com.markerhub.VueblogApplicationTests] from class [org.springframework.boot.test.context.SpringBootTestContextBootstrapper]
13:20:51.060 [main] INFO org.springframework.boot.test.context.SpringBootTestContextBootstrapper - Neither @ContextConfiguration nor @ContextHierarchy found for test class [com.markerhub.VueblogApplicationTests], using SpringBootContextLoader
13:20:51.067 [main] DEBUG org.springframework.test.context.support.AbstractContextLoader - Did not detect default resource location for test class [com.markerhub.VueblogApplicationTests]: class path resource [com/markerhub/VueblogApplicationTests-context.xml] does not exist
13:20:51.068 [main] DEBUG org.springframework.test.context.support.AbstractContextLoader - Did not detect default resource location for test class [com.markerhub.VueblogApplicationTests]: class path resource [com/markerhub/VueblogApplicationTestsContext.groovy] does not exist
13:20:51.069 [main] INFO org.springframework.test.context.support.AbstractContextLoader - Could not detect default resource locations for test class [com.markerhub.VueblogApplicationTests]: no resource found for suffixes {-context.xml, Context.groovy}.
13:20:51.070 [main] INFO org.springframework.test.context.support.AnnotationConfigContextLoaderUtils - Could not detect default configuration classes for test class [com.markerhub.VueblogApplicationTests]: VueblogApplicationTests does not declare any static, non-private, non-final, nested classes annotated with @Configuration.
13:20:51.142 [main] DEBUG org.springframework.test.context.support.ActiveProfilesUtils - Could not find an 'annotation declaring class' for annotation type [org.springframework.test.context.ActiveProfiles] and class [com.markerhub.VueblogApplicationTests]
13:20:51.321 [main] DEBUG org.springframework.test.context.BootstrapUtils - Instantiating CacheAwareContextLoaderDelegate from class [org.springframework.test.context.cache.DefaultCacheAwareContextLoaderDelegate]
13:20:51.322 [main] DEBUG org.springframework.test.context.BootstrapUtils - Instantiating BootstrapContext using constructor [public org.springframework.test.context.support.DefaultBootstrapContext(java.lang.Class,org.springframework.test.context.CacheAwareContextLoaderDelegate)]
13:20:51.323 [main] DEBUG org.springframework.test.context.BootstrapUtils - Instantiating TestContextBootstrapper for test class [com.markerhub.VueblogApplicationTests] from class [org.springframework.boot.test.context.SpringBootTestContextBootstrapper]
13:20:51.324 [main] INFO org.springframework.boot.test.context.SpringBootTestContextBootstrapper - Neither @ContextConfiguration nor @ContextHierarchy found for test class [com.markerhub.VueblogApplicationTests], using SpringBootContextLoader
13:20:51.326 [main] DEBUG org.springframework.test.context.support.AbstractContextLoader - Did not detect default resource location for test class [com.markerhub.VueblogApplicationTests]: class path resource [com/markerhub/VueblogApplicationTests-context.xml] does not exist
13:20:51.326 [main] DEBUG org.springframework.test.context.support.AbstractContextLoader - Did not detect default resource location for test class [com.markerhub.VueblogApplicationTests]: class path resource [com/markerhub/VueblogApplicationTestsContext.groovy] does not exist
13:20:51.327 [main] INFO org.springframework.test.context.support.AbstractContextLoader - Could not detect default resource locations for test class [com.markerhub.VueblogApplicationTests]: no resource found for suffixes {-context.xml, Context.groovy}.
13:20:51.327 [main] INFO org.springframework.test.context.support.AnnotationConfigContextLoaderUtils - Could not detect default configuration classes for test class [com.markerhub.VueblogApplicationTests]: VueblogApplicationTests does not declare any static, non-private, non-final, nested classes annotated with @Configuration.
13:20:51.331 [main] DEBUG org.springframework.test.context.support.ActiveProfilesUtils - Could not find an 'annotation declaring class' for annotation type [org.springframework.test.context.ActiveProfiles] and class [com.markerhub.VueblogApplicationTests]
13:20:51.398 [main] DEBUG org.springframework.test.context.BootstrapUtils - Instantiating CacheAwareContextLoaderDelegate from class [org.springframework.test.context.cache.DefaultCacheAwareContextLoaderDelegate]
13:20:51.398 [main] DEBUG org.springframework.test.context.BootstrapUtils - Instantiating BootstrapContext using constructor [public org.springframework.test.context.support.DefaultBootstrapContext(java.lang.Class,org.springframework.test.context.CacheAwareContextLoaderDelegate)]
13:20:51.399 [main] DEBUG org.springframework.test.context.BootstrapUtils - Instantiating TestContextBootstrapper for test class [com.markerhub.VueblogApplicationTests] from class [org.springframework.boot.test.context.SpringBootTestContextBootstrapper]
13:20:51.402 [main] INFO org.springframework.boot.test.context.SpringBootTestContextBootstrapper - Neither @ContextConfiguration nor @ContextHierarchy found for test class [com.markerhub.VueblogApplicationTests], using SpringBootContextLoader
13:20:51.404 [main] DEBUG org.springframework.test.context.support.AbstractContextLoader - Did not detect default resource location for test class [com.markerhub.VueblogApplicationTests]: class path resource [com/markerhub/VueblogApplicationTests-context.xml] does not exist
13:20:51.407 [main] DEBUG org.springframework.test.context.support.AbstractContextLoader - Did not detect default resource location for test class [com.markerhub.VueblogApplicationTests]: class path resource [com/markerhub/VueblogApplicationTestsContext.groovy] does not exist
13:20:51.407 [main] INFO org.springframework.test.context.support.AbstractContextLoader - Could not detect default resource locations for test class [com.markerhub.VueblogApplicationTests]: no resource found for suffixes {-context.xml, Context.groovy}.
13:20:51.408 [main] INFO org.springframework.test.context.support.AnnotationConfigContextLoaderUtils - Could not detect default configuration classes for test class [com.markerhub.VueblogApplicationTests]: VueblogApplicationTests does not declare any static, non-private, non-final, nested classes annotated with @Configuration.
13:20:51.412 [main] DEBUG org.springframework.test.context.support.ActiveProfilesUtils - Could not find an 'annotation declaring class' for annotation type [org.springframework.test.context.ActiveProfiles] and class [com.markerhub.VueblogApplicationTests]
]]></system-out>
  </testcase>
</testsuite>